<?xml version="1.0" encoding="UTF-8"?>
<!-- Generated by org.testng.reporters.JUnitXMLReporter -->
<testsuite hostname="Abhays-MacBook-Pro.local" name="Default test" tests="4" failures="0" timestamp="7 Mar 2019 20:24:39 GMT" time="22.087" errors="0">
  <testcase name="loginTest" time="6.761" classname="tests.LoginDDT"/>
  <testcase name="loginTest" time="4.942" classname="tests.LoginDDT"/>
  <testcase name="loginTest" time="4.4" classname="tests.LoginDDT"/>
  <testcase name="loginTest" time="5.705" classname="tests.LoginDDT"/>
</testsuite> <!-- Default test -->
