<?xml version="1.0" encoding="UTF-8"?>
<testng-results skipped="0" failed="0" total="1" passed="1">
  <reporter-output>
  </reporter-output>
  <suite name="Default suite" duration-ms="28076" started-at="2019-03-13T18:36:47Z" finished-at="2019-03-13T18:37:15Z">
    <groups>
    </groups>
    <test name="Default test" duration-ms="28076" started-at="2019-03-13T18:36:47Z" finished-at="2019-03-13T18:37:15Z">
      <class name="tests.Expedia">
        <test-method status="PASS" signature="setUp()[pri:0, instance:tests.Expedia@77f03bb1]" name="setUp" is-config="true" duration-ms="5653" started-at="2019-03-14T00:06:47Z" finished-at="2019-03-14T00:06:53Z">
          <reporter-output>
          </reporter-output>
        </test-method> <!-- setUp -->
        <test-method status="PASS" signature="hotelReservation()[pri:0, instance:tests.Expedia@77f03bb1]" name="hotelReservation" duration-ms="22162" started-at="2019-03-14T00:06:53Z" finished-at="2019-03-14T00:07:15Z">
          <reporter-output>
          </reporter-output>
        </test-method> <!-- hotelReservation -->
        <test-method status="PASS" signature="tearDown()[pri:0, instance:tests.Expedia@77f03bb1]" name="tearDown" is-config="true" duration-ms="249" started-at="2019-03-14T00:07:15Z" finished-at="2019-03-14T00:07:15Z">
          <reporter-output>
          </reporter-output>
        </test-method> <!-- tearDown -->
      </class> <!-- tests.Expedia -->
    </test> <!-- Default test -->
  </suite> <!-- Default suite -->
</testng-results>
